#
# There is insufficient memory for the Java Runtime Environment to continue.
# Native memory allocation (mmap) failed to map 132120576 bytes for Failed to commit area from 0x0000000082600000 to 0x000000008a400000 of length 132120576.
# Possible reasons:
#   The system is out of physical RAM or swap space
#   The process is running with CompressedOops enabled, and the Java Heap may be blocking the growth of the native heap
# Possible solutions:
#   Reduce memory load on the system
#   Increase physical memory or swap space
#   Check if swap backing store is full
#   Decrease Java heap size (-Xmx/-Xms)
#   Decrease number of Java threads
#   Decrease Java thread stack sizes (-Xss)
#   Set larger code cache with -XX:ReservedCodeCacheSize=
# This output file may be truncated or incomplete.
#
#  Out of Memory Error (./src/hotspot/os/windows/os_windows.cpp:3521), pid=22768, tid=22792
#
# JRE version:  (11.0.12+7) (build )
# Java VM: OpenJDK 64-Bit Server VM (11.0.12+7-b1504.28-7817840, mixed mode, sharing, tiered, compressed oops, g1 gc, windows-amd64)
# No core dump will be written. Minidumps are not enabled by default on client versions of Windows
#

---------------  S U M M A R Y ------------

Command Line: 

Host: Intel(R) Core(TM) i5-8300H CPU @ 2.30GHz, 8 cores, 7G,  Windows 10 , 64 bit Build 19041 (10.0.19041.1889)
Time: Tue Oct 18 22:41:12 2022 India Standard Time elapsed time: 0.044031 seconds (0d 0h 0m 0s)

---------------  T H R E A D  ---------------

Current thread (0x000001e4a0c7d000):  JavaThread "Unknown thread" [_thread_in_vm, id=22792, stack(0x000000cb0b000000,0x000000cb0b100000)]

Stack: [0x000000cb0b000000,0x000000cb0b100000]
Native frames: (J=compiled Java code, j=interpreted, Vv=VM code, C=native code)
V  [jvm.dll+0x5fbcea]
V  [jvm.dll+0x731905]
V  [jvm.dll+0x732f1d]
V  [jvm.dll+0x7335d3]
V  [jvm.dll+0x247bf8]
V  [jvm.dll+0x5f90b4]
V  [jvm.dll+0x5edc85]
V  [jvm.dll+0x305aeb]
V  [jvm.dll+0x305a5a]
V  [jvm.dll+0x305932]
V  [jvm.dll+0x30a896]
V  [jvm.dll+0x353803]
V  [jvm.dll+0x353f06]
V  [jvm.dll+0x353903]
V  [jvm.dll+0x2e0678]
V  [jvm.dll+0x2e1827]
V  [jvm.dll+0x710037]
V  [jvm.dll+0x71182c]
V  [jvm.dll+0x360da9]
V  [jvm.dll+0x6f390e]
V  [jvm.dll+0x3c9723]
V  [jvm.dll+0x3cb9b1]
C  [jli.dll+0x536b]
C  [ucrtbase.dll+0x21bb2]
C  [KERNEL32.DLL+0x17034]
C  [ntdll.dll+0x526a1]


---------------  P R O C E S S  ---------------

Threads class SMR info:
_java_thread_list=0x000001e4a0ba4600, length=0, elements={
}

Java Threads: ( => current thread )

Other Threads:
  0x000001e4a2cc3800 GCTaskThread "GC Thread#0" [stack: 0x000000cb0b100000,0x000000cb0b200000] [id=22796]
  0x000001e4a2cf3000 ConcurrentGCThread "G1 Main Marker" [stack: 0x000000cb0b200000,0x000000cb0b300000] [id=22800]
  0x000001e4a2cf5800 ConcurrentGCThread "G1 Conc#0" [stack: 0x000000cb0b300000,0x000000cb0b400000] [id=22804]

[error occurred during error reporting (printing all threads), id 0xc0000005, EXCEPTION_ACCESS_VIOLATION (0xc0000005) at pc=0x00007ffcac080be7]

VM state:not at safepoint (not fully initialized)

VM Mutex/Monitor currently owned by a thread:  ([mutex/lock_event])
[0x000001e4a2cada30] Heap_lock - owner thread: 0x000001e4a0c7d000

Heap address: 0x0000000082600000, size: 2010 MB, Compressed Oops mode: Non-zero based: 0x0000000082600000
Narrow klass base: 0x0000000000000000, Narrow klass shift: 0

GC Heap History (0 events):
No events

Deoptimization events (0 events):
No events

Classes redefined (0 events):
No events

Internal exceptions (0 events):
No events

Events (1 events):
Event: 0.024 Loaded shared library C:\Program Files\Android\Android Studio\jre\bin\zip.dll


Dynamic libraries:
0x00007ff798970000 - 0x00007ff79897a000 	C:\Program Files\Android\Android Studio\jre\bin\java.EXE
0x00007ffd4e490000 - 0x00007ffd4e688000 	C:\Windows\SYSTEM32\ntdll.dll
0x00007ffd4d490000 - 0x00007ffd4d54d000 	C:\Windows\System32\KERNEL32.DLL
0x00007ffd4bf20000 - 0x00007ffd4c1f2000 	C:\Windows\System32\KERNELBASE.dll
0x00007ffd4c200000 - 0x00007ffd4c300000 	C:\Windows\System32\ucrtbase.dll
0x00007ffd22590000 - 0x00007ffd225a7000 	C:\Program Files\Android\Android Studio\jre\bin\VCRUNTIME140.dll
0x00007ffd24940000 - 0x00007ffd24959000 	C:\Program Files\Android\Android Studio\jre\bin\jli.dll
0x00007ffd4df40000 - 0x00007ffd4e0dd000 	C:\Windows\System32\USER32.dll
0x00007ffd33000000 - 0x00007ffd3329a000 	C:\Windows\WinSxS\amd64_microsoft.windows.common-controls_6595b64144ccf1df_6.0.19041.1110_none_60b5254171f9507e\COMCTL32.dll
0x00007ffd4bd90000 - 0x00007ffd4bdb2000 	C:\Windows\System32\win32u.dll
0x00007ffd4d3f0000 - 0x00007ffd4d48e000 	C:\Windows\System32\msvcrt.dll
0x00007ffd4d1d0000 - 0x00007ffd4d1fb000 	C:\Windows\System32\GDI32.dll
0x00007ffd4bbd0000 - 0x00007ffd4bcdf000 	C:\Windows\System32\gdi32full.dll
0x00007ffd4c300000 - 0x00007ffd4c39d000 	C:\Windows\System32\msvcp_win.dll
0x00007ffd4c940000 - 0x00007ffd4c970000 	C:\Windows\System32\IMM32.DLL
0x00007ffcf5db0000 - 0x00007ffcf5e4d000 	C:\Program Files\Android\Android Studio\jre\bin\msvcp140.dll
0x00007ffcabd90000 - 0x00007ffcac875000 	C:\Program Files\Android\Android Studio\jre\bin\server\jvm.dll
0x00007ffd4d200000 - 0x00007ffd4d2ae000 	C:\Windows\System32\ADVAPI32.dll
0x00007ffd4c4f0000 - 0x00007ffd4c58c000 	C:\Windows\System32\sechost.dll
0x00007ffd4cfd0000 - 0x00007ffd4d0f5000 	C:\Windows\System32\RPCRT4.dll
0x00007ffd4d3e0000 - 0x00007ffd4d3e8000 	C:\Windows\System32\PSAPI.DLL
0x00007ffd3fb20000 - 0x00007ffd3fb47000 	C:\Windows\SYSTEM32\WINMM.dll
0x00007ffd43fe0000 - 0x00007ffd43fea000 	C:\Windows\SYSTEM32\VERSION.dll
0x00007ffd34c10000 - 0x00007ffd34c19000 	C:\Windows\SYSTEM32\WSOCK32.dll
0x00007ffd4dca0000 - 0x00007ffd4dd0b000 	C:\Windows\System32\ws2_32.DLL
0x00007ffd49a60000 - 0x00007ffd49a72000 	C:\Windows\SYSTEM32\kernel.appcore.dll
0x00007ffcffc90000 - 0x00007ffcffca1000 	C:\Program Files\Android\Android Studio\jre\bin\verify.dll
0x00007ffd42ed0000 - 0x00007ffd430b4000 	C:\Windows\SYSTEM32\DBGHELP.DLL
0x00007ffd441b0000 - 0x00007ffd441dc000 	C:\Windows\SYSTEM32\dbgcore.DLL
0x00007ffd4c460000 - 0x00007ffd4c4e2000 	C:\Windows\System32\bcryptPrimitives.dll
0x00007ffcf70b0000 - 0x00007ffcf70d9000 	C:\Program Files\Android\Android Studio\jre\bin\java.dll
0x00007ffd2d2d0000 - 0x00007ffd2d2db000 	C:\Program Files\Android\Android Studio\jre\bin\jimage.dll
0x00007ffcfa550000 - 0x00007ffcfa568000 	C:\Program Files\Android\Android Studio\jre\bin\zip.dll

dbghelp: loaded successfully - version: 4.0.5 - missing functions: none
symbol engine: initialized successfully - sym options: 0x614 - pdb path: .;C:\Program Files\Android\Android Studio\jre\bin;C:\Windows\SYSTEM32;C:\Windows\WinSxS\amd64_microsoft.windows.common-controls_6595b64144ccf1df_6.0.19041.1110_none_60b5254171f9507e;C:\Program Files\Android\Android Studio\jre\bin\server

VM Arguments:
java_command: <unknown>
java_class_path (initial): <not set>
Launcher Type: SUN_STANDARD

[Global flags]
     intx CICompilerCount                          = 4                                         {product} {ergonomic}
     uint ConcGCThreads                            = 2                                         {product} {ergonomic}
     uint G1ConcRefinementThreads                  = 8                                         {product} {ergonomic}
   size_t G1HeapRegionSize                         = 1048576                                   {product} {ergonomic}
    uintx GCDrainStackTargetSize                   = 64                                        {product} {ergonomic}
   size_t InitialHeapSize                          = 132120576                                 {product} {ergonomic}
   size_t MarkStackSize                            = 4194304                                   {product} {ergonomic}
   size_t MaxHeapSize                              = 2107637760                                {product} {ergonomic}
   size_t MinHeapDeltaBytes                        = 1048576                                   {product} {ergonomic}
    uintx NonNMethodCodeHeapSize                   = 5836300                                {pd product} {ergonomic}
    uintx NonProfiledCodeHeapSize                  = 122910970                              {pd product} {ergonomic}
    uintx ProfiledCodeHeapSize                     = 122910970                              {pd product} {ergonomic}
    uintx ReservedCodeCacheSize                    = 251658240                              {pd product} {ergonomic}
     bool SegmentedCodeCache                       = true                                      {product} {ergonomic}
     bool UseCompressedClassPointers               = true                                 {lp64_product} {ergonomic}
     bool UseCompressedOops                        = true                                 {lp64_product} {ergonomic}
     bool UseG1GC                                  = true                                      {product} {ergonomic}
     bool UseLargePagesIndividualAllocation        = false                                  {pd product} {ergonomic}

Logging:
Log output configuration:
 #0: stdout all=warning uptime,level,tags
 #1: stderr all=off uptime,level,tags

Environment Variables:
JAVA_HOME=C:\Program Files\Java\jdk-18.0.2.1
PATH=C:\Program Files (x86)\NVIDIA Corporation\PhysX\Common;C:\Program Files\Common Files\Oracle\Java\javapath;C:\Program Files (x86)\Intel\Intel(R) Management Engine Components\iCLS\;C:\Program Files\Intel\Intel(R) Management Engine Components\iCLS\;C:\Windows\system32;C:\Windows;C:\Windows\System32\Wbem;C:\Windows\System32\WindowsPowerShell\v1.0\;C:\Program Files (x86)\Intel\Intel(R) Management Engine Components\DAL;C:\Program Files\Intel\Intel(R) Management Engine Components\DAL;C:\Program Files (x86)\Intel\Intel(R) Management Engine Components\IPT;C:\Program Files\Intel\Intel(R) Management Engine Components\IPT;C:\Program Files\Intel\WiFi\bin\;C:\Program Files\Common Files\Intel\WirelessCommon\;C:\Windows\system32;C:\Windows;C:\Windows\System32\Wbem;C:\Windows\System32\WindowsPowerShell\v1.0\;C:\Windows\System32\OpenSSH\;C:\Program Files\Java\jdk-17\bin;C:\Program Files\Microsoft SQL Server\Client SDK\ODBC\110\Tools\Binn\;C:\Program Files (x86)\Microsoft SQL Server\120\Tools\Binn\;C:\Program Files\Microsoft SQL Server\120\Tools\Binn\;C:\Program Files\Microsoft SQL Server\120\DTS\Binn\;C:\Program Files (x86)\Windows Kits\8.1\Windows Performance Toolkit\;C:\Program Files\Java\jdk-18.0.2.1\bin;C:\Program Files\Git\cmd;C:\Program Files\MySQL\MySQL Shell 8.0\bin\;C:\Users\prati\AppData\Local\Programs\Python\Python310\Scripts\;C:\Users\prati\AppData\Local\Programs\Python\Python310\;C:\Users\prati\AppData\Local\Microsoft\WindowsApps;C:\Program Files\JetBrains\IntelliJ IDEA 2021.2.3\bin;;C:\Users\prati\AppData\Local\Programs\Microsoft VS Code\bin;C:\src\flutter\bin;;C:\src\flutter\bin\mingit\cmd
USERNAME=prati
OS=Windows_NT
PROCESSOR_IDENTIFIER=Intel64 Family 6 Model 158 Stepping 10, GenuineIntel



---------------  S Y S T E M  ---------------

OS: Windows 10 , 64 bit Build 19041 (10.0.19041.1889)
OS uptime: 3 days 22:18 hours

CPU:total 8 (initial active 8) (4 cores per cpu, 2 threads per core) family 6 model 158 stepping 10 microcode 0xb4, cmov, cx8, fxsr, mmx, sse, sse2, sse3, ssse3, sse4.1, sse4.2, popcnt, avx, avx2, aes, clmul, erms, 3dnowpref, lzcnt, ht, tsc, tscinvbit, bmi1, bmi2, adx, fma

Memory: 4k page, system-wide physical 8034M (84M free)
TotalPageFile size 23153M (AvailPageFile size 88M)
current process WorkingSet (physical memory assigned to process): 10M, peak: 10M
current process commit charge ("private bytes"): 60M, peak: 185M

vm_info: OpenJDK 64-Bit Server VM (11.0.12+7-b1504.28-7817840) for windows-amd64 JRE (11.0.12+7-b1504.28-7817840), built on Oct 13 2021 22:12:33 by "builder" with MS VC++ 14.0 (VS2015)

END.
